\BOOKMARK [0][-]{chapter.1}{AVERTISSEMENT}{}% 1
\BOOKMARK [0][-]{chapter.2}{COMPOSITION G\311N\311RALE, CHARTE GRAPHIQUE}{}% 2
\BOOKMARK [1][-]{section.2.1}{COMPOSITION DU DOCUMENT}{chapter.2}% 3
\BOOKMARK [1][-]{section.2.2}{QUELS LOGOS FAIRE FIGURER ?}{chapter.2}% 4
\BOOKMARK [1][-]{section.2.3}{POLICES DE CARACT\310RES ET COULEURS}{chapter.2}% 5
\BOOKMARK [0][-]{chapter.3}{INFORMATIONS G\311N\311RALES SUR LA PAGE DE COUVERTURE}{}% 6
\BOOKMARK [1][-]{section.3.1}{TITRE DE LA TH\310SE ET LANGUE\(S\)}{chapter.3}% 7
\BOOKMARK [1][-]{section.3.2}{SP\311CIALIT\311 DE DOCTORAT}{chapter.3}% 8
\BOOKMARK [1][-]{section.3.3}{UNIT\311 DE RECHERCHE}{chapter.3}% 9
\BOOKMARK [1][-]{section.3.4}{LE R\311F\311RENT}{chapter.3}% 10
\BOOKMARK [1][-]{section.3.5}{GRADUATE SCHOOL}{chapter.3}% 11
\BOOKMARK [1][-]{section.3.6}{\311COLE DOCTORALE}{chapter.3}% 12
\BOOKMARK [1][-]{section.3.7}{LIEU ET DATE DE SOUTENANCE}{chapter.3}% 13
\BOOKMARK [0][-]{chapter.4}{CIVILIT\311, F\311MINISATION DES TITRES ET FONCTIONS}{}% 14
\BOOKMARK [0][-]{chapter.5}{PR\311SENTATION DE LA DIRECTION DE LA TH\310SE OU DE L\220\311QUIPE D\220ENCADREMENT}{}% 15
\BOOKMARK [0][-]{chapter.6}{COMPOSITION DU JURY }{}% 16
\BOOKMARK [1][-]{section.6.1}{A QUOI SERVENT CES INFORMATIONS ?}{chapter.6}% 17
\BOOKMARK [1][-]{section.6.2}{L\311GITIMIT\311 ACAD\311MIQUE}{chapter.6}% 18
\BOOKMARK [1][-]{section.6.3}{IND\311PENDANCE}{chapter.6}% 19
\BOOKMARK [1][-]{section.6.4}{FONCTION DANS LE JURY ET ORDRE DE CITATION}{chapter.6}% 20
\BOOKMARK [2][-]{subsection.6.4.1}{Ordre de citation}{section.6.4}% 21
\BOOKMARK [2][-]{subsection.6.4.2}{Les rapporteurs}{section.6.4}% 22
\BOOKMARK [2][-]{subsection.6.4.3}{La place du directeur ou de la directrice de th\350se}{section.6.4}% 23
\BOOKMARK [2][-]{subsection.6.4.4}{Les autres personnes}{section.6.4}% 24
\BOOKMARK [0][-]{chapter.7}{BIEN CITER SES SOURCES}{}% 25
\BOOKMARK [1][-]{section.7.1}{S'INFORMER SUR LE PLAGIAT}{chapter.7}% 26
\BOOKMARK [1][-]{section.7.2}{LES IMAGES}{chapter.7}% 27
\BOOKMARK [1][-]{section.7.3}{ARTICLES JOINTS A LA TH\310SE}{chapter.7}% 28
\BOOKMARK [0][-]{chapter.8}{D\311POSER ET DIFFUSER SA TH\310SE}{}% 29
\BOOKMARK [1][-]{section.8.1}{LES RESSOURCES A CONSULTER}{chapter.8}% 30
\BOOKMARK [1][-]{section.8.2}{LES D\311MARCHES}{chapter.8}% 31
\BOOKMARK [0][-]{chapter.9}{ANNEXE : LES LOGOS INSTITUTIONNELS}{}% 32
\BOOKMARK [1][-]{section.9.1}{LE LOGO DE L\220UNIVERSIT\311 PARIS-SACLAY}{chapter.9}% 33
\BOOKMARK [1][-]{section.9.2}{LOGOS, NUM\311ROS D\220ACCR\311DITATION ET D\311NOMINATIONS DES \311COLES DOCTORALES}{chapter.9}% 34
