\BOOKMARK [0][-]{chapter.1}{Historical Network Analysis and Visualization}{}% 1
\BOOKMARK [1][-]{section.1.1}{Social Network Analysis}{chapter.1}% 2
\BOOKMARK [2][-]{subsection.1.1.1}{Sociometry to SNA}{section.1.1}% 3
\BOOKMARK [2][-]{subsection.1.1.2}{Structuralism and Ego Studies}{section.1.1}% 4
\BOOKMARK [2][-]{subsection.1.1.3}{Methods dans tools}{section.1.1}% 5
\BOOKMARK [1][-]{section.1.2}{Historical Network Research}{chapter.1}% 6
\BOOKMARK [2][-]{subsection.1.2.1}{Quantitative History}{section.1.2}% 7
\BOOKMARK [2][-]{subsection.1.2.2}{Historical Social Network Analsyis}{section.1.2}% 8
\BOOKMARK [2][-]{subsection.1.2.3}{Network Modeling}{section.1.2}% 9
\BOOKMARK [1][-]{section.1.3}{Social Network Visualization}{chapter.1}% 10
\BOOKMARK [2][-]{subsection.1.3.1}{Visualization}{section.1.3}% 11
\BOOKMARK [2][-]{subsection.1.3.2}{Social Network Visualization}{section.1.3}% 12
\BOOKMARK [2][-]{subsection.1.3.3}{Social Network Visual Analytics}{section.1.3}% 13
\BOOKMARK [0][-]{chapter.2}{HSNA Process and Network Modeling}{}% 14
\BOOKMARK [1][-]{section.2.1}{Related Work}{chapter.2}% 15
\BOOKMARK [1][-]{section.2.2}{Historical Social Network Analysis Workflow}{chapter.2}% 16
\BOOKMARK [2][-]{subsection.2.2.1}{Textual Sources Acquisition}{section.2.2}% 17
\BOOKMARK [2][-]{subsection.2.2.2}{Digitization}{section.2.2}% 18
\BOOKMARK [2][-]{subsection.2.2.3}{Annotation}{section.2.2}% 19
\BOOKMARK [2][-]{subsection.2.2.4}{Network Creation}{section.2.2}% 20
\BOOKMARK [2][-]{subsection.2.2.5}{Network Analysis and Visualization}{section.2.2}% 21
\BOOKMARK [1][-]{section.2.3}{Network modeling and analysis}{chapter.2}% 22
\BOOKMARK [2][-]{subsection.2.3.1}{Network Models}{section.2.3}% 23
\BOOKMARK [2][-]{subsection.2.3.2}{Examples}{section.2.3}% 24
\BOOKMARK [2][-]{subsection.2.3.3}{Bipartite Multivariate Dynamic Social Network}{section.2.3}% 25
\BOOKMARK [1][-]{section.2.4}{Applications}{chapter.2}% 26
\BOOKMARK [1][-]{section.2.5}{Discussion}{chapter.2}% 27
\BOOKMARK [1][-]{section.2.6}{Conclusion}{chapter.2}% 28
